  main.cpp
F:\VoidSync\VoidSync\Source\main.cpp(46,22): warning C4566: character represented by universal-character-name '\u274C' cannot be represented in the current code page (1252)
F:\VoidSync\VoidSync\Source\main.cpp(51,18): warning C4566: character represented by universal-character-name '\u2705' cannot be represented in the current code page (1252)
F:\VoidSync\VoidSync\Source\main.cpp(55,22): warning C4566: character represented by universal-character-name '\u274C' cannot be represented in the current code page (1252)
F:\VoidSync\VoidSync\Source\main.cpp(61,18): warning C4566: character represented by universal-character-name '\u2705' cannot be represented in the current code page (1252)
F:\VoidSync\VoidSync\Source\main.cpp(65,22): warning C4566: character represented by universal-character-name '\u274C' cannot be represented in the current code page (1252)
F:\VoidSync\VoidSync\Source\main.cpp(71,18): warning C4566: character represented by universal-character-name '\u2705' cannot be represented in the current code page (1252)
F:\VoidSync\VoidSync\Source\main.cpp(74,22): warning C4566: character represented by universal-character-name '\u274C' cannot be represented in the current code page (1252)
F:\VoidSync\VoidSync\Source\main.cpp(79,18): warning C4566: character represented by universal-character-name '\u2705' cannot be represented in the current code page (1252)
F:\VoidSync\VoidSync\Source\main.cpp(83,22): warning C4566: character represented by universal-character-name '\u274C' cannot be represented in the current code page (1252)
F:\VoidSync\VoidSync\Source\main.cpp(88,18): warning C4566: character represented by universal-character-name '\u2705' cannot be represented in the current code page (1252)
F:\VoidSync\VoidSync\Source\main.cpp(91,19): warning C4566: character represented by universal-character-name '\u2705' cannot be represented in the current code page (1252)
F:\VoidSync\VoidSync\Source\main.cpp(102,22): warning C4566: character represented by universal-character-name '\u274C' cannot be represented in the current code page (1252)
F:\VoidSync\VoidSync\Source\main.cpp(107,18): warning C4566: character represented by universal-character-name '\u2705' cannot be represented in the current code page (1252)
F:\VoidSync\VoidSync\Source\main.cpp(112,18): warning C4566: character represented by universal-character-name '\u2705' cannot be represented in the current code page (1252)
F:\VoidSync\VoidSync\Source\main.cpp(116,22): warning C4566: character represented by universal-character-name '\u274C' cannot be represented in the current code page (1252)
F:\VoidSync\VoidSync\Source\main.cpp(121,18): warning C4566: character represented by universal-character-name '\u2705' cannot be represented in the current code page (1252)
F:\VoidSync\VoidSync\Source\main.cpp(162,22): warning C4566: character represented by universal-character-name '\u2705' cannot be represented in the current code page (1252)
F:\VoidSync\VoidSync\Source\main.cpp(165,22): warning C4566: character represented by universal-character-name '\u26A0' cannot be represented in the current code page (1252)
F:\VoidSync\VoidSync\Source\main.cpp(165,22): warning C4566: character represented by universal-character-name '\uFE0F' cannot be represented in the current code page (1252)
x64\Release\PlayerCache.obj : warning LNK4042: object specified more than once; extras ignored
  Generating code
  140 of 728 functions (19.2%) were compiled, the rest were copied from previous compilation.
    0 functions were new in current compilation
    142 functions had inline decision re-evaluated but remain unchanged
  Finished generating code
  VoidSync.vcxproj -> F:\VoidSync\x64\Release\VoidSync.exe
